PrismaClientKnownRequestError: 
Invalid `__TURBOPACK__imported__module__$5b$project$5d2f$Documents$2f$routine$2f$src$2f$lib$2f$prisma$2e$ts__$5b$app$2d$route$5d$__$28$ecmascript$29$__["prisma"].user.findUnique()` invocation in
C:\Users\Admin\Documents\routine\.next\dev\server\chunks\[root-of-the-server]__d970f1bf._.js:92:194

  89         status: 400
  90     });
  91 }
→ 92 const existingUser = await __TURBOPACK__imported__module__$5b$project$5d2f$Documents$2f$routine$2f$src$2f$lib$2f$prisma$2e$ts__$5b$app$2d$route$5d$__$28$ecmascript$29$__["prisma"].user.findUnique(
The table `main.User` does not exist in the current database.
    at $n.handleRequestError (C:\Users\Admin\Documents\routine\node_modules\@prisma\client\runtime\library.js:121:7315)
    at $n.handleAndLogRequestError (C:\Users\Admin\Documents\routine\node_modules\@prisma\client\runtime\library.js:121:6623)
    at $n.request (C:\Users\Admin\Documents\routine\node_modules\@prisma\client\runtime\library.js:121:6307)
    at async l (C:\Users\Admin\Documents\routine\node_modules\@prisma\client\runtime\library.js:130:9633)
    at async POST (C:\Users\Admin\Documents\routine\.next\dev\server\chunks\[root-of-the-server]__d970f1bf._.js:92:30)
    at async AppRouteRouteModule.do (C:\Users\Admin\Documents\routine\node_modules\next\dist\compiled\next-server\app-route-turbo.runtime.dev.js:5:37866)
    at async AppRouteRouteModule.handle (C:\Users\Admin\Documents\routine\node_modules\next\dist\compiled\next-server\app-route-turbo.runtime.dev.js:5:45156)
    at async responseGenerator (C:\Users\Admin\Documents\routine\.next\dev\server\chunks\[root-of-the-server]__d1adc496._.js:17239:38)
    at async AppRouteRouteModule.handleResponse (C:\Users\Admin\Documents\routine\node_modules\next\dist\compiled\next-server\app-route-turbo.runtime.dev.js:1:191938)
    at async handleResponse (C:\Users\Admin\Documents\routine\.next\dev\server\chunks\[root-of-the-server]__d1adc496._.js:17302:32)
    at async Module.handler (C:\Users\Admin\Documents\routine\.next\dev\server\chunks\[root-of-the-server]__d1adc496._.js:17355:13)
    at async DevServer.renderToResponseWithComponentsImpl (C:\Users\Admin\Documents\routine\node_modules\next\dist\server\base-server.js:1442:9)
    at async DevServer.renderPageComponent (C:\Users\Admin\Documents\routine\node_modules\next\dist\server\base-server.js:1494:24)
    at async DevServer.renderToResponseImpl (C:\Users\Admin\Documents\routine\node_modules\next\dist\server\base-server.js:1544:32)
    at async DevServer.pipeImpl (C:\Users\Admin\Documents\routine\node_modules\next\dist\server\base-server.js:1038:25)
    at async NextNodeServer.handleCatchallRenderRequest (C:\Users\Admin\Documents\routine\node_modules\next\dist\server\next-server.js:395:17)
    at async DevServer.handleRequestImpl (C:\Users\Admin\Documents\routine\node_modules\next\dist\server\base-server.js:929:17)
    at async C:\Users\Admin\Documents\routine\node_modules\next\dist\server\dev\next-dev-server.js:387:20
    at async Span.traceAsyncFn (C:\Users\Admin\Documents\routine\node_modules\next\dist\trace\trace.js:157:20)
    at async DevServer.handleRequest (C:\Users\Admin\Documents\routine\node_modules\next\dist\server\dev\next-dev-server.js:383:24)
    at async invokeRender (C:\Users\Admin\Documents\routine\node_modules\next\dist\server\lib\router-server.js:248:21)
    at async handleRequest (C:\Users\Admin\Documents\routine\node_modules\next\dist\server\lib\router-server.js:447:24)
    at async requestHandlerImpl (C:\Users\Admin\Documents\routine\node_modules\next\dist\server\lib\router-server.js:496:13)
    at async Server.requestListener (C:\Users\Admin\Documents\routine\node_modules\next\dist\server\lib\start-server.js:226:13)